2025-02-25 17:51:29,003 INFO o.a.j.u.JMeterUtils: Setting Locale to en_EN
2025-02-25 17:51:29,026 INFO o.a.j.JMeter: Loading user properties from: user.properties
2025-02-25 17:51:29,027 INFO o.a.j.JMeter: Loading system properties from: system.properties
2025-02-25 17:51:29,041 INFO o.a.j.JMeter: Copyright (c) 1998-2022 The Apache Software Foundation
2025-02-25 17:51:29,041 INFO o.a.j.JMeter: Version 5.5
2025-02-25 17:51:29,041 INFO o.a.j.JMeter: java.version=23.0.2
2025-02-25 17:51:29,041 INFO o.a.j.JMeter: java.vm.name=Java HotSpot(TM) 64-Bit Server VM
2025-02-25 17:51:29,041 INFO o.a.j.JMeter: os.name=Windows 10
2025-02-25 17:51:29,041 INFO o.a.j.JMeter: os.arch=amd64
2025-02-25 17:51:29,042 INFO o.a.j.JMeter: os.version=10.0
2025-02-25 17:51:29,042 INFO o.a.j.JMeter: file.encoding=UTF-8
2025-02-25 17:51:29,042 INFO o.a.j.JMeter: java.awt.headless=true
2025-02-25 17:51:29,042 INFO o.a.j.JMeter: Max memory     =1073741824
2025-02-25 17:51:29,042 INFO o.a.j.JMeter: Available Processors =8
2025-02-25 17:51:29,069 INFO o.a.j.JMeter: Default Locale=English (EN)
2025-02-25 17:51:29,069 INFO o.a.j.JMeter: JMeter  Locale=English (EN)
2025-02-25 17:51:29,070 INFO o.a.j.JMeter: JMeterHome=D:\AUTOMATIZACION_PIBANK_NO_FUNCIONAL\proyecto_jmeter
2025-02-25 17:51:29,070 INFO o.a.j.JMeter: user.dir  =D:\AUTOMATIZACION_PIBANK_NO_FUNCIONAL\proyecto_jmeter\bin
2025-02-25 17:51:29,070 INFO o.a.j.JMeter: PWD       =D:\AUTOMATIZACION_PIBANK_NO_FUNCIONAL\proyecto_jmeter\bin
2025-02-25 17:51:29,072 INFO o.a.j.JMeter: IP: 192.168.2.4 Name: PE-HO-ACH-025 FullName: PE-HO-ACH-025.PERIFERIAGROUP.MS
2025-02-25 17:51:29,084 INFO o.a.j.JMeter: Setting property 'jmeter.reportgenerator.outputdir' to:'D:\AUTOMATIZACION_PIBANK_NO_FUNCIONAL\outputData\reporte1220091'
2025-02-25 17:51:29,089 INFO o.a.j.s.FileServer: Default base='D:\AUTOMATIZACION_PIBANK_NO_FUNCIONAL\proyecto_jmeter\bin'
2025-02-25 17:51:29,091 INFO o.a.j.s.FileServer: Set new base='D:\AUTOMATIZACION_PIBANK_NO_FUNCIONAL\proyecto_jmeter\bin\TESTCASE'
2025-02-25 17:51:29,391 INFO o.a.j.s.SaveService: Testplan (JMX) version: 2.2. Testlog (JTL) version: 2.2
2025-02-25 17:51:29,427 INFO o.a.j.s.SaveService: Using SaveService properties version 5.0
2025-02-25 17:51:29,430 INFO o.a.j.s.SaveService: Using SaveService properties file encoding UTF-8
2025-02-25 17:51:29,434 INFO o.a.j.s.SaveService: Loading file: TESTCASE\CasoPrueba1220091.jmx
2025-02-25 17:51:29,465 INFO o.a.j.p.h.c.CookieManager: Settings: Delete null: true Check: true Allow variable: true Save: false Prefix: COOKIE_
2025-02-25 17:51:29,490 INFO o.a.j.p.h.s.HTTPSamplerBase: Parser for text/html is org.apache.jmeter.protocol.http.parser.LagartoBasedHtmlParser
2025-02-25 17:51:29,490 INFO o.a.j.p.h.s.HTTPSamplerBase: Parser for application/xhtml+xml is org.apache.jmeter.protocol.http.parser.LagartoBasedHtmlParser
2025-02-25 17:51:29,490 INFO o.a.j.p.h.s.HTTPSamplerBase: Parser for application/xml is org.apache.jmeter.protocol.http.parser.LagartoBasedHtmlParser
2025-02-25 17:51:29,490 INFO o.a.j.p.h.s.HTTPSamplerBase: Parser for text/xml is org.apache.jmeter.protocol.http.parser.LagartoBasedHtmlParser
2025-02-25 17:51:29,491 INFO o.a.j.p.h.s.HTTPSamplerBase: Parser for text/vnd.wap.wml is org.apache.jmeter.protocol.http.parser.RegexpHTMLParser
2025-02-25 17:51:29,491 INFO o.a.j.p.h.s.HTTPSamplerBase: Parser for text/css is org.apache.jmeter.protocol.http.parser.CssParser
2025-02-25 17:51:29,720 INFO o.a.j.e.KeyToolUtils: keytool found at 'keytool'
2025-02-25 17:51:29,721 INFO o.a.j.p.h.p.ProxyControl: HTTP(S) Test Script Recorder SSL Proxy will use keys that support embedded 3rd party resources in file D:\AUTOMATIZACION_PIBANK_NO_FUNCIONAL\proyecto_jmeter\bin\proxyserver.jks
2025-02-25 17:51:29,734 INFO o.a.j.JMeter: Creating summariser <summary>
2025-02-25 17:51:29,739 INFO o.a.j.r.d.ReportGenerator: ReportGenerator will use for Parsing the separator: ','
2025-02-25 17:51:29,740 INFO o.a.j.r.d.ReportGenerator: Will generate report at end of test from  results file: results001
2025-02-25 17:51:29,740 INFO o.a.j.r.d.ReportGenerator: Reading report generator properties from: D:\AUTOMATIZACION_PIBANK_NO_FUNCIONAL\proyecto_jmeter\bin\reportgenerator.properties
2025-02-25 17:51:29,741 INFO o.a.j.r.d.ReportGenerator: Merging with JMeter properties
2025-02-25 17:51:29,746 INFO o.a.j.r.c.ReportGeneratorConfiguration: Property 'jmeter.reportgenerator.temp_dir' not found, using default value 'temp' instead.
2025-02-25 17:51:29,748 INFO o.a.j.r.c.ReportGeneratorConfiguration: Property 'jmeter.reportgenerator.apdex_per_transaction' not found, using default value 'null' instead.
2025-02-25 17:51:29,748 INFO o.a.j.r.c.ReportGeneratorConfiguration: apdex_per_transaction is empty, not APDEX per transaction customization
2025-02-25 17:51:29,749 INFO o.a.j.r.c.ReportGeneratorConfiguration: Property 'jmeter.reportgenerator.sample_filter' not found, using default value 'null' instead.
2025-02-25 17:51:29,749 INFO o.a.j.r.c.ReportGeneratorConfiguration: Property 'jmeter.reportgenerator.report_title' not found, using default value 'null' instead.
2025-02-25 17:51:29,749 INFO o.a.j.r.c.ReportGeneratorConfiguration: Property 'jmeter.reportgenerator.start_date' not found, using default value 'null' instead.
2025-02-25 17:51:29,749 INFO o.a.j.r.c.ReportGeneratorConfiguration: Property 'jmeter.reportgenerator.end_date' not found, using default value 'null' instead.
2025-02-25 17:51:29,749 INFO o.a.j.r.c.ReportGeneratorConfiguration: Property 'jmeter.reportgenerator.date_format' not found, using default value 'null' instead.
2025-02-25 17:51:29,750 INFO o.a.j.r.c.ReportGeneratorConfiguration: Will use date range start date: null, end date: null
2025-02-25 17:51:29,752 INFO o.a.j.r.c.ReportGeneratorConfiguration: Property 'jmeter.reportgenerator.graph.totalTPS.exclude_controllers' not found, using default value 'false' instead.
2025-02-25 17:51:29,752 INFO o.a.j.r.c.ReportGeneratorConfiguration: Property 'jmeter.reportgenerator.graph.activeThreadsOverTime.exclude_controllers' not found, using default value 'false' instead.
2025-02-25 17:51:29,753 INFO o.a.j.r.c.ReportGeneratorConfiguration: Property 'jmeter.reportgenerator.graph.timeVsThreads.exclude_controllers' not found, using default value 'false' instead.
2025-02-25 17:51:29,753 INFO o.a.j.r.c.ReportGeneratorConfiguration: Property 'jmeter.reportgenerator.graph.responseTimeDistribution.exclude_controllers' not found, using default value 'false' instead.
2025-02-25 17:51:29,753 INFO o.a.j.r.c.ReportGeneratorConfiguration: Property 'jmeter.reportgenerator.graph.transactionsPerSecond.exclude_controllers' not found, using default value 'false' instead.
2025-02-25 17:51:29,753 INFO o.a.j.r.c.ReportGeneratorConfiguration: Property 'jmeter.reportgenerator.graph.responseTimePercentiles.exclude_controllers' not found, using default value 'false' instead.
2025-02-25 17:51:29,753 INFO o.a.j.r.c.ReportGeneratorConfiguration: Property 'jmeter.reportgenerator.graph.responseTimePercentilesOverTime.exclude_controllers' not found, using default value 'false' instead.
2025-02-25 17:51:29,753 INFO o.a.j.r.c.ReportGeneratorConfiguration: Property 'jmeter.reportgenerator.graph.responseTimesOverTime.exclude_controllers' not found, using default value 'false' instead.
2025-02-25 17:51:29,753 INFO o.a.j.r.c.ReportGeneratorConfiguration: Property 'jmeter.reportgenerator.graph.connectTimeOverTime.exclude_controllers' not found, using default value 'false' instead.
2025-02-25 17:51:29,753 INFO o.a.j.r.c.ReportGeneratorConfiguration: Property 'jmeter.reportgenerator.graph.latenciesOverTime.exclude_controllers' not found, using default value 'false' instead.
2025-02-25 17:51:29,754 INFO o.a.j.r.c.ReportGeneratorConfiguration: Property 'jmeter.reportgenerator.exporter.json.filters_only_sample_series' not found, using default value 'true' instead.
2025-02-25 17:51:29,754 INFO o.a.j.r.c.ReportGeneratorConfiguration: Property 'jmeter.reportgenerator.exporter.json.series_filter' not found, using default value '' instead.
2025-02-25 17:51:29,754 INFO o.a.j.r.c.ReportGeneratorConfiguration: Property 'jmeter.reportgenerator.exporter.json.show_controllers_only' not found, using default value 'false' instead.
2025-02-25 17:51:29,754 INFO o.a.j.r.c.ReportGeneratorConfiguration: Property 'jmeter.reportgenerator.exporter.html.filters_only_sample_series' not found, using default value 'true' instead.
2025-02-25 17:51:29,755 INFO o.a.j.r.c.ReportGeneratorConfiguration: Property 'jmeter.reportgenerator.exporter.html.series_filter' not found, using default value '' instead.
2025-02-25 17:51:29,755 INFO o.a.j.r.c.ReportGeneratorConfiguration: Property 'jmeter.reportgenerator.exporter.html.show_controllers_only' not found, using default value 'false' instead.
2025-02-25 17:51:29,767 INFO o.a.j.e.StandardJMeterEngine: Running the test!
2025-02-25 17:51:29,767 INFO o.a.j.s.SampleEvent: List of sample_variables: []
2025-02-25 17:51:29,768 INFO o.a.j.s.SampleEvent: List of sample_variables: []
2025-02-25 17:51:29,774 INFO o.a.j.e.u.CompoundVariable: Note: Function class names must contain the string: '.functions.'
2025-02-25 17:51:29,774 INFO o.a.j.e.u.CompoundVariable: Note: Function class names must not contain the string: '.gui.'
2025-02-25 17:51:29,906 INFO o.a.j.JMeter: Running test (1740523889906)
2025-02-25 17:51:29,923 INFO o.a.j.e.StandardJMeterEngine: Starting ThreadGroup: 1 : Thread Group
2025-02-25 17:51:29,924 INFO o.a.j.e.StandardJMeterEngine: Starting 1 threads for group Thread Group.
2025-02-25 17:51:29,924 INFO o.a.j.e.StandardJMeterEngine: Thread will continue on error
2025-02-25 17:51:29,924 INFO o.a.j.t.ThreadGroup: Starting thread group... number=1 threads=1 ramp-up=1 delayedStart=false
2025-02-25 17:51:29,927 INFO o.a.j.t.ThreadGroup: Started thread group number 1
2025-02-25 17:51:29,928 INFO o.a.j.e.StandardJMeterEngine: All thread groups have been started
2025-02-25 17:51:29,928 INFO o.a.j.t.JMeterThread: Thread started: Thread Group 1-1
2025-02-25 17:51:29,943 INFO o.a.j.p.h.s.HTTPHCAbstractImpl: Local host = PE-HO-ACH-025
2025-02-25 17:51:29,947 INFO o.a.j.p.h.s.HTTPHC4Impl: HTTP request retry count = 0
2025-02-25 17:51:29,948 INFO o.a.j.s.SampleResult: Note: Sample TimeStamps are START times
2025-02-25 17:51:29,948 INFO o.a.j.s.SampleResult: sampleresult.default.encoding is set to ISO-8859-1
2025-02-25 17:51:29,948 INFO o.a.j.s.SampleResult: sampleresult.useNanoTime=true
2025-02-25 17:51:29,948 INFO o.a.j.s.SampleResult: sampleresult.nanoThreadSleep=5000
2025-02-25 17:51:29,997 INFO o.a.j.p.h.s.h.LazyLayeredConnectionSocketFactory: Setting up HTTPS TrustAll Socket Factory
2025-02-25 17:51:30,002 INFO o.a.j.u.JsseSSLManager: Using default SSL protocol: TLS
2025-02-25 17:51:30,002 INFO o.a.j.u.JsseSSLManager: SSL session context: per-thread
2025-02-25 17:51:30,164 INFO o.a.j.u.SSLManager: JmeterKeyStore Location:  type JKS
2025-02-25 17:51:30,166 INFO o.a.j.u.SSLManager: KeyStore created OK
2025-02-25 17:51:30,166 WARN o.a.j.u.SSLManager: Keystore file not found, loading empty keystore
2025-02-25 17:51:30,945 INFO o.a.j.r.Summariser: summary +      1 in 00:00:01 =    1.0/s Avg:   932 Min:   932 Max:   932 Err:     0 (0.00%) Active: 1 Started: 1 Finished: 0
2025-02-25 17:51:31,354 INFO o.a.j.t.JMeterThread: Thread is done: Thread Group 1-1
2025-02-25 17:51:31,354 INFO o.a.j.t.JMeterThread: Thread finished: Thread Group 1-1
2025-02-25 17:51:31,357 INFO o.a.j.e.StandardJMeterEngine: Notifying test listeners of end of test
2025-02-25 17:51:31,357 INFO o.a.j.r.Summariser: summary +      1 in 00:00:00 =    2.4/s Avg:   406 Min:   406 Max:   406 Err:     0 (0.00%) Active: 0 Started: 1 Finished: 1
2025-02-25 17:51:31,357 INFO o.a.j.r.Summariser: summary =      2 in 00:00:01 =    1.4/s Avg:   669 Min:   406 Max:   932 Err:     0 (0.00%)
2025-02-25 17:51:31,358 INFO o.a.j.JMeter: Generating Dashboard
2025-02-25 17:51:31,358 INFO o.a.j.r.d.ReportGenerator: Flushing result collector before report Generation
2025-02-25 17:51:31,384 INFO o.a.j.r.p.NormalizerSampleConsumer: Using format, 'ms', to parse timeStamp field
2025-02-25 17:51:31,446 INFO o.a.j.r.p.AbstractSampleConsumer: class org.apache.jmeter.report.processor.AggregateConsumer#stopProducing(): beginDate produced 0 samples
2025-02-25 17:51:31,446 INFO o.a.j.r.p.AbstractSampleConsumer: class org.apache.jmeter.report.processor.AggregateConsumer#stopProducing(): endDate produced 0 samples
2025-02-25 17:51:31,448 INFO o.a.j.r.p.AbstractSampleConsumer: class org.apache.jmeter.report.processor.ApdexSummaryConsumer#stopProducing(): apdexSummary produced 0 samples
2025-02-25 17:51:31,448 INFO o.a.j.r.p.AbstractSampleConsumer: class org.apache.jmeter.report.processor.RequestsSummaryConsumer#stopProducing(): requestsSummary produced 0 samples
2025-02-25 17:51:31,454 INFO o.a.j.r.p.AbstractSampleConsumer: class org.apache.jmeter.report.processor.StatisticsSummaryConsumer#stopProducing(): statisticsSummary produced 0 samples
2025-02-25 17:51:31,455 INFO o.a.j.r.p.AbstractSampleConsumer: class org.apache.jmeter.report.processor.Top5ErrorsBySamplerConsumer#stopProducing(): top5ErrorsBySampler produced 0 samples
2025-02-25 17:51:31,455 INFO o.a.j.r.p.AbstractSampleConsumer: class org.apache.jmeter.report.processor.ErrorsSummaryConsumer#stopProducing(): errorsSummary produced 0 samples
2025-02-25 17:51:31,455 INFO o.a.j.r.p.AbstractSampleConsumer: class org.apache.jmeter.report.processor.graph.impl.HitsPerSecondGraphConsumer#stopProducing(): hitsPerSecond produced 0 samples
2025-02-25 17:51:31,472 INFO o.a.j.r.p.AbstractSampleConsumer: class org.apache.jmeter.report.processor.graph.impl.LatencyVSRequestGraphConsumer#stopProducing(): latencyVsRequest produced 0 samples
2025-02-25 17:51:31,472 INFO o.a.j.r.p.AbstractSampleConsumer: class org.apache.jmeter.report.processor.graph.impl.SyntheticResponseTimeDistributionGraphConsumer#stopProducing(): syntheticResponseTimeDistribution produced 0 samples
2025-02-25 17:51:31,472 INFO o.a.j.r.p.AbstractSampleConsumer: class org.apache.jmeter.report.processor.graph.impl.BytesThroughputGraphConsumer#stopProducing(): bytesThroughputOverTime produced 0 samples
2025-02-25 17:51:31,472 INFO o.a.j.r.p.AbstractSampleConsumer: class org.apache.jmeter.report.processor.graph.impl.CodesPerSecondGraphConsumer#stopProducing(): codesPerSecond produced 0 samples
2025-02-25 17:51:31,476 INFO o.a.j.r.p.AbstractSampleConsumer: class org.apache.jmeter.report.processor.graph.impl.ResponseTimeVSRequestGraphConsumer#stopProducing(): responseTimeVsRequest produced 0 samples
2025-02-25 17:51:31,476 INFO o.a.j.r.p.AbstractSampleConsumer: class org.apache.jmeter.report.processor.FilterConsumer#stopProducing(): startIntervalControlerFilter produced 14 samples
2025-02-25 17:51:31,476 INFO o.a.j.r.p.AbstractSampleConsumer: class org.apache.jmeter.report.processor.graph.impl.TotalTPSGraphConsumer#stopProducing(): totalTPS produced 0 samples
2025-02-25 17:51:31,476 INFO o.a.j.r.p.AbstractSampleConsumer: class org.apache.jmeter.report.processor.graph.impl.ActiveThreadsGraphConsumer#stopProducing(): activeThreadsOverTime produced 0 samples
2025-02-25 17:51:31,476 INFO o.a.j.r.p.AbstractSampleConsumer: class org.apache.jmeter.report.processor.graph.impl.TimeVSThreadGraphConsumer#stopProducing(): timeVsThreads produced 0 samples
2025-02-25 17:51:31,477 INFO o.a.j.r.p.AbstractSampleConsumer: class org.apache.jmeter.report.processor.graph.impl.ResponseTimeDistributionGraphConsumer#stopProducing(): responseTimeDistribution produced 0 samples
2025-02-25 17:51:31,477 INFO o.a.j.r.p.AbstractSampleConsumer: class org.apache.jmeter.report.processor.graph.impl.TransactionsPerSecondGraphConsumer#stopProducing(): transactionsPerSecond produced 0 samples
2025-02-25 17:51:31,477 INFO o.a.j.r.p.AbstractSampleConsumer: class org.apache.jmeter.report.processor.graph.impl.ResponseTimePercentilesGraphConsumer#stopProducing(): responseTimePercentiles produced 0 samples
2025-02-25 17:51:31,478 INFO o.a.j.r.p.AbstractSampleConsumer: class org.apache.jmeter.report.processor.graph.impl.ResponseTimePercentilesOverTimeGraphConsumer#stopProducing(): responseTimePercentilesOverTime produced 0 samples
2025-02-25 17:51:31,478 INFO o.a.j.r.p.AbstractSampleConsumer: class org.apache.jmeter.report.processor.graph.impl.ResponseTimeOverTimeGraphConsumer#stopProducing(): responseTimesOverTime produced 0 samples
2025-02-25 17:51:31,478 INFO o.a.j.r.p.AbstractSampleConsumer: class org.apache.jmeter.report.processor.graph.impl.ConnectTimeOverTimeGraphConsumer#stopProducing(): connectTimeOverTime produced 0 samples
2025-02-25 17:51:31,478 INFO o.a.j.r.p.AbstractSampleConsumer: class org.apache.jmeter.report.processor.graph.impl.LatencyOverTimeGraphConsumer#stopProducing(): latenciesOverTime produced 0 samples
2025-02-25 17:51:31,478 INFO o.a.j.r.p.AbstractSampleConsumer: class org.apache.jmeter.report.processor.FilterConsumer#stopProducing(): nameFilter produced 30 samples
2025-02-25 17:51:31,478 INFO o.a.j.r.p.AbstractSampleConsumer: class org.apache.jmeter.report.processor.FilterConsumer#stopProducing(): dateRangeFilter produced 6 samples
2025-02-25 17:51:31,478 INFO o.a.j.r.p.AbstractSampleConsumer: class org.apache.jmeter.report.processor.NormalizerSampleConsumer#stopProducing(): normalizer produced 2 samples
2025-02-25 17:51:31,479 INFO o.a.j.r.p.CsvFileSampleSource: produce(): 2 samples produced in 67ms on channel 0
2025-02-25 17:51:31,479 INFO o.a.j.r.d.ReportGenerator: Exporting data using exporter:'json' of className:'org.apache.jmeter.report.dashboard.JsonExporter'
2025-02-25 17:51:31,607 INFO o.a.j.r.d.JsonExporter: Found data for consumer statisticsSummary in context
2025-02-25 17:51:31,607 INFO o.a.j.r.d.JsonExporter: Creating statistics for overall
2025-02-25 17:51:31,608 INFO o.a.j.r.d.JsonExporter: Creating statistics for other transactions
2025-02-25 17:51:31,608 INFO o.a.j.r.d.JsonExporter: Checking output folder
2025-02-25 17:51:31,609 INFO o.a.j.r.d.JsonExporter: Writing statistics JSON to D:\AUTOMATIZACION_PIBANK_NO_FUNCIONAL\outputData\reporte1220091\statistics.json
2025-02-25 17:51:31,650 INFO o.a.j.r.d.ReportGenerator: Exporting data using exporter:'html' of className:'org.apache.jmeter.report.dashboard.HtmlTemplateExporter'
2025-02-25 17:51:31,653 INFO o.a.j.r.d.HtmlTemplateExporter: Will generate dashboard in folder: D:\AUTOMATIZACION_PIBANK_NO_FUNCIONAL\outputData\reporte1220091
2025-02-25 17:51:31,768 INFO o.a.j.r.d.HtmlTemplateExporter: Report will be generated in: D:\AUTOMATIZACION_PIBANK_NO_FUNCIONAL\outputData\reporte1220091, creating folder structure
2025-02-25 17:51:31,771 INFO o.a.j.r.d.TemplateVisitor: Copying folder from 'D:\AUTOMATIZACION_PIBANK_NO_FUNCIONAL\proyecto_jmeter\bin\report-template' to 'D:\AUTOMATIZACION_PIBANK_NO_FUNCIONAL\outputData\reporte1220091', got message: D:\AUTOMATIZACION_PIBANK_NO_FUNCIONAL\outputData\reporte1220091, found non empty folder with following content [D:\AUTOMATIZACION_PIBANK_NO_FUNCIONAL\outputData\reporte1220091\statistics.json], will be ignored
2025-02-25 17:51:32,050 INFO o.a.j.JMeter: Dashboard generated
